  SolarWar.cpp
c:\users\rhkdr\onedrive\문서\visual studio 2015\projects\solarwar\solarwar\solarwar.cpp(147): warning C4244: '인수': 'double'에서 'float'(으)로 변환하면서 데이터가 손실될 수 있습니다.
c:\users\rhkdr\onedrive\문서\visual studio 2015\projects\solarwar\solarwar\solarwar.cpp(170): warning C4244: '=': 'double'에서 'float'(으)로 변환하면서 데이터가 손실될 수 있습니다.
c:\users\rhkdr\onedrive\문서\visual studio 2015\projects\solarwar\solarwar\solarwar.cpp(171): warning C4305: '+=': 'double'에서 'float'(으)로 잘립니다.
c:\users\rhkdr\onedrive\문서\visual studio 2015\projects\solarwar\solarwar\solarwar.cpp(172): warning C4305: '+=': 'double'에서 'float'(으)로 잘립니다.
c:\users\rhkdr\onedrive\문서\visual studio 2015\projects\solarwar\solarwar\solarwar.cpp(258): warning C4244: '=': 'LONG'에서 'float'(으)로 변환하면서 데이터가 손실될 수 있습니다.
c:\users\rhkdr\onedrive\문서\visual studio 2015\projects\solarwar\solarwar\solarwar.cpp(259): warning C4244: '=': 'LONG'에서 'float'(으)로 변환하면서 데이터가 손실될 수 있습니다.
c:\users\rhkdr\onedrive\문서\visual studio 2015\projects\solarwar\solarwar\solarwar.cpp(260): warning C4244: '=': 'LONG'에서 'float'(으)로 변환하면서 데이터가 손실될 수 있습니다.
c:\users\rhkdr\onedrive\문서\visual studio 2015\projects\solarwar\solarwar\solarwar.cpp(261): warning C4244: '=': 'LONG'에서 'float'(으)로 변환하면서 데이터가 손실될 수 있습니다.
c:\users\rhkdr\onedrive\문서\visual studio 2015\projects\solarwar\solarwar\solarwar.cpp(353): warning C4244: '=': 'LONG'에서 'float'(으)로 변환하면서 데이터가 손실될 수 있습니다.
c:\users\rhkdr\onedrive\문서\visual studio 2015\projects\solarwar\solarwar\solarwar.cpp(354): warning C4244: '=': 'LONG'에서 'float'(으)로 변환하면서 데이터가 손실될 수 있습니다.
c:\users\rhkdr\onedrive\문서\visual studio 2015\projects\solarwar\solarwar\solarwar.cpp(355): warning C4244: '=': 'LONG'에서 'float'(으)로 변환하면서 데이터가 손실될 수 있습니다.
c:\users\rhkdr\onedrive\문서\visual studio 2015\projects\solarwar\solarwar\solarwar.cpp(356): warning C4244: '=': 'LONG'에서 'float'(으)로 변환하면서 데이터가 손실될 수 있습니다.
c:\users\rhkdr\onedrive\문서\visual studio 2015\projects\solarwar\solarwar\solarwar.cpp(460): warning C4244: '=': 'LONG'에서 'float'(으)로 변환하면서 데이터가 손실될 수 있습니다.
c:\users\rhkdr\onedrive\문서\visual studio 2015\projects\solarwar\solarwar\solarwar.cpp(461): warning C4244: '=': 'LONG'에서 'float'(으)로 변환하면서 데이터가 손실될 수 있습니다.
c:\users\rhkdr\onedrive\문서\visual studio 2015\projects\solarwar\solarwar\solarwar.cpp(462): warning C4244: '=': 'LONG'에서 'float'(으)로 변환하면서 데이터가 손실될 수 있습니다.
c:\users\rhkdr\onedrive\문서\visual studio 2015\projects\solarwar\solarwar\solarwar.cpp(463): warning C4244: '=': 'LONG'에서 'float'(으)로 변환하면서 데이터가 손실될 수 있습니다.
c:\users\rhkdr\onedrive\문서\visual studio 2015\projects\solarwar\solarwar\solarwar.cpp(531): warning C4244: '=': 'float'에서 'LONG'(으)로 변환하면서 데이터가 손실될 수 있습니다.
c:\users\rhkdr\onedrive\문서\visual studio 2015\projects\solarwar\solarwar\solarwar.cpp(532): warning C4244: '=': 'float'에서 'LONG'(으)로 변환하면서 데이터가 손실될 수 있습니다.
c:\users\rhkdr\onedrive\문서\visual studio 2015\projects\solarwar\solarwar\solarwar.cpp(533): warning C4244: '=': 'float'에서 'LONG'(으)로 변환하면서 데이터가 손실될 수 있습니다.
c:\users\rhkdr\onedrive\문서\visual studio 2015\projects\solarwar\solarwar\solarwar.cpp(534): warning C4244: '=': 'float'에서 'LONG'(으)로 변환하면서 데이터가 손실될 수 있습니다.
c:\users\rhkdr\onedrive\문서\visual studio 2015\projects\solarwar\solarwar\solarwar.cpp(536): warning C4244: '=': 'float'에서 'LONG'(으)로 변환하면서 데이터가 손실될 수 있습니다.
c:\users\rhkdr\onedrive\문서\visual studio 2015\projects\solarwar\solarwar\solarwar.cpp(537): warning C4244: '=': 'float'에서 'LONG'(으)로 변환하면서 데이터가 손실될 수 있습니다.
c:\users\rhkdr\onedrive\문서\visual studio 2015\projects\solarwar\solarwar\solarwar.cpp(538): warning C4244: '=': 'float'에서 'LONG'(으)로 변환하면서 데이터가 손실될 수 있습니다.
c:\users\rhkdr\onedrive\문서\visual studio 2015\projects\solarwar\solarwar\solarwar.cpp(539): warning C4244: '=': 'float'에서 'LONG'(으)로 변환하면서 데이터가 손실될 수 있습니다.
c:\users\rhkdr\onedrive\문서\visual studio 2015\projects\solarwar\solarwar\solarwar.cpp(563): warning C4996: 'itoa': The POSIX name for this item is deprecated. Instead, use the ISO C and C++ conformant name: _itoa. See online help for details.
  c:\program files (x86)\windows kits\10\include\10.0.10240.0\ucrt\stdlib.h(1316): note: 'itoa' 선언을 참조하십시오.
c:\users\rhkdr\onedrive\문서\visual studio 2015\projects\solarwar\solarwar\solarwar.cpp(567): warning C4996: 'itoa': The POSIX name for this item is deprecated. Instead, use the ISO C and C++ conformant name: _itoa. See online help for details.
  c:\program files (x86)\windows kits\10\include\10.0.10240.0\ucrt\stdlib.h(1316): note: 'itoa' 선언을 참조하십시오.
c:\users\rhkdr\onedrive\문서\visual studio 2015\projects\solarwar\solarwar\solarwar.cpp(576): warning C4996: 'itoa': The POSIX name for this item is deprecated. Instead, use the ISO C and C++ conformant name: _itoa. See online help for details.
  c:\program files (x86)\windows kits\10\include\10.0.10240.0\ucrt\stdlib.h(1316): note: 'itoa' 선언을 참조하십시오.
c:\users\rhkdr\onedrive\문서\visual studio 2015\projects\solarwar\solarwar\solarwar.cpp(580): warning C4996: 'itoa': The POSIX name for this item is deprecated. Instead, use the ISO C and C++ conformant name: _itoa. See online help for details.
  c:\program files (x86)\windows kits\10\include\10.0.10240.0\ucrt\stdlib.h(1316): note: 'itoa' 선언을 참조하십시오.
c:\users\rhkdr\onedrive\문서\visual studio 2015\projects\solarwar\solarwar\solarwar.cpp(614): warning C4244: '=': 'double'에서 'float'(으)로 변환하면서 데이터가 손실될 수 있습니다.
c:\users\rhkdr\onedrive\문서\visual studio 2015\projects\solarwar\solarwar\solarwar.cpp(620): warning C4244: '=': 'double'에서 'float'(으)로 변환하면서 데이터가 손실될 수 있습니다.
c:\users\rhkdr\onedrive\문서\visual studio 2015\projects\solarwar\solarwar\solarwar.cpp(626): warning C4244: '=': 'double'에서 'float'(으)로 변환하면서 데이터가 손실될 수 있습니다.
c:\users\rhkdr\onedrive\문서\visual studio 2015\projects\solarwar\solarwar\solarwar.cpp(638): warning C4244: '=': 'double'에서 'float'(으)로 변환하면서 데이터가 손실될 수 있습니다.
c:\users\rhkdr\onedrive\문서\visual studio 2015\projects\solarwar\solarwar\solarwar.cpp(647): warning C4244: '=': 'double'에서 'float'(으)로 변환하면서 데이터가 손실될 수 있습니다.
c:\users\rhkdr\onedrive\문서\visual studio 2015\projects\solarwar\solarwar\solarwar.cpp(678): warning C4244: '인수': 'LONG'에서 'float'(으)로 변환하면서 데이터가 손실될 수 있습니다.
c:\users\rhkdr\onedrive\문서\visual studio 2015\projects\solarwar\solarwar\solarwar.cpp(700): warning C4244: '+=': 'double'에서 'float'(으)로 변환하면서 데이터가 손실될 수 있습니다.
c:\users\rhkdr\onedrive\문서\visual studio 2015\projects\solarwar\solarwar\solarwar.cpp(701): warning C4244: '-=': 'double'에서 'float'(으)로 변환하면서 데이터가 손실될 수 있습니다.
c:\users\rhkdr\onedrive\문서\visual studio 2015\projects\solarwar\solarwar\solarwar.cpp(713): warning C4244: '=': 'LONG'에서 'float'(으)로 변환하면서 데이터가 손실될 수 있습니다.
c:\users\rhkdr\onedrive\문서\visual studio 2015\projects\solarwar\solarwar\solarwar.cpp(714): warning C4244: '=': 'LONG'에서 'float'(으)로 변환하면서 데이터가 손실될 수 있습니다.
c:\users\rhkdr\onedrive\문서\visual studio 2015\projects\solarwar\solarwar\solarwar.cpp(727): warning C4244: '=': 'LONG'에서 'float'(으)로 변환하면서 데이터가 손실될 수 있습니다.
c:\users\rhkdr\onedrive\문서\visual studio 2015\projects\solarwar\solarwar\solarwar.cpp(728): warning C4244: '=': 'LONG'에서 'float'(으)로 변환하면서 데이터가 손실될 수 있습니다.
c:\users\rhkdr\onedrive\문서\visual studio 2015\projects\solarwar\solarwar\solarwar.cpp(742): warning C4244: '=': 'LONG'에서 'float'(으)로 변환하면서 데이터가 손실될 수 있습니다.
c:\users\rhkdr\onedrive\문서\visual studio 2015\projects\solarwar\solarwar\solarwar.cpp(743): warning C4244: '=': 'LONG'에서 'float'(으)로 변환하면서 데이터가 손실될 수 있습니다.
c:\users\rhkdr\onedrive\문서\visual studio 2015\projects\solarwar\solarwar\solarwar.cpp(753): warning C4244: '=': 'LONG'에서 'float'(으)로 변환하면서 데이터가 손실될 수 있습니다.
c:\users\rhkdr\onedrive\문서\visual studio 2015\projects\solarwar\solarwar\solarwar.cpp(754): warning C4244: '=': 'LONG'에서 'float'(으)로 변환하면서 데이터가 손실될 수 있습니다.
c:\users\rhkdr\onedrive\문서\visual studio 2015\projects\solarwar\solarwar\solarwar.cpp(762): warning C4244: '=': 'LONG'에서 'float'(으)로 변환하면서 데이터가 손실될 수 있습니다.
c:\users\rhkdr\onedrive\문서\visual studio 2015\projects\solarwar\solarwar\solarwar.cpp(763): warning C4244: '=': 'LONG'에서 'float'(으)로 변환하면서 데이터가 손실될 수 있습니다.
c:\users\rhkdr\onedrive\문서\visual studio 2015\projects\solarwar\solarwar\solarwar.cpp(774): warning C4244: '=': 'LONG'에서 'float'(으)로 변환하면서 데이터가 손실될 수 있습니다.
c:\users\rhkdr\onedrive\문서\visual studio 2015\projects\solarwar\solarwar\solarwar.cpp(775): warning C4244: '=': 'LONG'에서 'float'(으)로 변환하면서 데이터가 손실될 수 있습니다.
c:\users\rhkdr\onedrive\문서\visual studio 2015\projects\solarwar\solarwar\solarwar.cpp(785): warning C4244: '=': 'LONG'에서 'float'(으)로 변환하면서 데이터가 손실될 수 있습니다.
c:\users\rhkdr\onedrive\문서\visual studio 2015\projects\solarwar\solarwar\solarwar.cpp(786): warning C4244: '=': 'LONG'에서 'float'(으)로 변환하면서 데이터가 손실될 수 있습니다.
c:\users\rhkdr\onedrive\문서\visual studio 2015\projects\solarwar\solarwar\solarwar.cpp(806): warning C4244: '=': 'LONG'에서 'float'(으)로 변환하면서 데이터가 손실될 수 있습니다.
c:\users\rhkdr\onedrive\문서\visual studio 2015\projects\solarwar\solarwar\solarwar.cpp(807): warning C4244: '=': 'LONG'에서 'float'(으)로 변환하면서 데이터가 손실될 수 있습니다.
c:\users\rhkdr\onedrive\문서\visual studio 2015\projects\solarwar\solarwar\solarwar.cpp(814): warning C4244: '=': 'LONG'에서 'float'(으)로 변환하면서 데이터가 손실될 수 있습니다.
c:\users\rhkdr\onedrive\문서\visual studio 2015\projects\solarwar\solarwar\solarwar.cpp(815): warning C4244: '=': 'LONG'에서 'float'(으)로 변환하면서 데이터가 손실될 수 있습니다.
c:\users\rhkdr\onedrive\문서\visual studio 2015\projects\solarwar\solarwar\solarwar.cpp(827): warning C4244: '=': 'LONG'에서 'float'(으)로 변환하면서 데이터가 손실될 수 있습니다.
c:\users\rhkdr\onedrive\문서\visual studio 2015\projects\solarwar\solarwar\solarwar.cpp(828): warning C4244: '=': 'LONG'에서 'float'(으)로 변환하면서 데이터가 손실될 수 있습니다.
c:\users\rhkdr\onedrive\문서\visual studio 2015\projects\solarwar\solarwar\solarwar.cpp(836): warning C4244: '=': 'LONG'에서 'float'(으)로 변환하면서 데이터가 손실될 수 있습니다.
c:\users\rhkdr\onedrive\문서\visual studio 2015\projects\solarwar\solarwar\solarwar.cpp(837): warning C4244: '=': 'LONG'에서 'float'(으)로 변환하면서 데이터가 손실될 수 있습니다.
c:\users\rhkdr\onedrive\문서\visual studio 2015\projects\solarwar\solarwar\solarwar.cpp(846): warning C4244: '=': 'LONG'에서 'float'(으)로 변환하면서 데이터가 손실될 수 있습니다.
c:\users\rhkdr\onedrive\문서\visual studio 2015\projects\solarwar\solarwar\solarwar.cpp(847): warning C4244: '=': 'LONG'에서 'float'(으)로 변환하면서 데이터가 손실될 수 있습니다.
c:\users\rhkdr\onedrive\문서\visual studio 2015\projects\solarwar\solarwar\solarwar.cpp(855): warning C4244: '=': 'LONG'에서 'float'(으)로 변환하면서 데이터가 손실될 수 있습니다.
c:\users\rhkdr\onedrive\문서\visual studio 2015\projects\solarwar\solarwar\solarwar.cpp(856): warning C4244: '=': 'LONG'에서 'float'(으)로 변환하면서 데이터가 손실될 수 있습니다.
c:\users\rhkdr\onedrive\문서\visual studio 2015\projects\solarwar\solarwar\solarwar.cpp(871): warning C4244: '=': 'LONG'에서 'float'(으)로 변환하면서 데이터가 손실될 수 있습니다.
c:\users\rhkdr\onedrive\문서\visual studio 2015\projects\solarwar\solarwar\solarwar.cpp(872): warning C4244: '=': 'LONG'에서 'float'(으)로 변환하면서 데이터가 손실될 수 있습니다.
c:\users\rhkdr\onedrive\문서\visual studio 2015\projects\solarwar\solarwar\solarwar.cpp(598): warning C4101: 'rad' :참조되지 않은 지역 변수입니다.
c:\users\rhkdr\onedrive\문서\visual studio 2015\projects\solarwar\solarwar\solarwar.cpp(597): warning C4101: 'dy' :참조되지 않은 지역 변수입니다.
c:\users\rhkdr\onedrive\문서\visual studio 2015\projects\solarwar\solarwar\solarwar.cpp(597): warning C4101: 'dx' :참조되지 않은 지역 변수입니다.
c:\users\rhkdr\onedrive\문서\visual studio 2015\projects\solarwar\solarwar\solarwar.cpp(1039): warning C4244: '인수': 'float'에서 'int'(으)로 변환하면서 데이터가 손실될 수 있습니다.
c:\users\rhkdr\onedrive\문서\visual studio 2015\projects\solarwar\solarwar\solarwar.cpp(1046): warning C4244: '=': 'LONG'에서 'float'(으)로 변환하면서 데이터가 손실될 수 있습니다.
c:\users\rhkdr\onedrive\문서\visual studio 2015\projects\solarwar\solarwar\solarwar.cpp(1047): warning C4244: '=': 'LONG'에서 'float'(으)로 변환하면서 데이터가 손실될 수 있습니다.
c:\users\rhkdr\onedrive\문서\visual studio 2015\projects\solarwar\solarwar\solarwar.cpp(1060): warning C4244: '인수': 'float'에서 'int'(으)로 변환하면서 데이터가 손실될 수 있습니다.
c:\users\rhkdr\onedrive\문서\visual studio 2015\projects\solarwar\solarwar\solarwar.cpp(1067): warning C4244: '=': 'LONG'에서 'float'(으)로 변환하면서 데이터가 손실될 수 있습니다.
c:\users\rhkdr\onedrive\문서\visual studio 2015\projects\solarwar\solarwar\solarwar.cpp(1068): warning C4244: '=': 'LONG'에서 'float'(으)로 변환하면서 데이터가 손실될 수 있습니다.
c:\users\rhkdr\onedrive\문서\visual studio 2015\projects\solarwar\solarwar\solarwar.cpp(1087): warning C4244: '인수': 'float'에서 'int'(으)로 변환하면서 데이터가 손실될 수 있습니다.
c:\users\rhkdr\onedrive\문서\visual studio 2015\projects\solarwar\solarwar\solarwar.cpp(1094): warning C4244: '=': 'LONG'에서 'float'(으)로 변환하면서 데이터가 손실될 수 있습니다.
c:\users\rhkdr\onedrive\문서\visual studio 2015\projects\solarwar\solarwar\solarwar.cpp(1095): warning C4244: '=': 'LONG'에서 'float'(으)로 변환하면서 데이터가 손실될 수 있습니다.
c:\users\rhkdr\onedrive\문서\visual studio 2015\projects\solarwar\solarwar\solarwar.cpp(1114): warning C4244: '인수': 'float'에서 'int'(으)로 변환하면서 데이터가 손실될 수 있습니다.
c:\users\rhkdr\onedrive\문서\visual studio 2015\projects\solarwar\solarwar\solarwar.cpp(1121): warning C4244: '=': 'LONG'에서 'float'(으)로 변환하면서 데이터가 손실될 수 있습니다.
c:\users\rhkdr\onedrive\문서\visual studio 2015\projects\solarwar\solarwar\solarwar.cpp(1122): warning C4244: '=': 'LONG'에서 'float'(으)로 변환하면서 데이터가 손실될 수 있습니다.
c:\users\rhkdr\onedrive\문서\visual studio 2015\projects\solarwar\solarwar\solarwar.cpp(1167): warning C4996: 'itoa': The POSIX name for this item is deprecated. Instead, use the ISO C and C++ conformant name: _itoa. See online help for details.
  c:\program files (x86)\windows kits\10\include\10.0.10240.0\ucrt\stdlib.h(1316): note: 'itoa' 선언을 참조하십시오.
c:\users\rhkdr\onedrive\문서\visual studio 2015\projects\solarwar\solarwar\solarwar.cpp(1168): warning C4996: 'itoa': The POSIX name for this item is deprecated. Instead, use the ISO C and C++ conformant name: _itoa. See online help for details.
  c:\program files (x86)\windows kits\10\include\10.0.10240.0\ucrt\stdlib.h(1316): note: 'itoa' 선언을 참조하십시오.
c:\users\rhkdr\onedrive\문서\visual studio 2015\projects\solarwar\solarwar\solarwar.cpp(1333): warning C4804: '<': 연산에 'bool' 형식을 사용하는 것은 안전하지 않습니다.
c:\users\rhkdr\onedrive\문서\visual studio 2015\projects\solarwar\solarwar\solarwar.cpp(1349): warning C4244: '인수': 'int'에서 'float'(으)로 변환하면서 데이터가 손실될 수 있습니다.
c:\users\rhkdr\onedrive\문서\visual studio 2015\projects\solarwar\solarwar\solarwar.cpp(1356): warning C4804: '<': 연산에 'bool' 형식을 사용하는 것은 안전하지 않습니다.
c:\users\rhkdr\onedrive\문서\visual studio 2015\projects\solarwar\solarwar\solarwar.cpp(1358): warning C4244: '인수': 'LONG'에서 'float'(으)로 변환하면서 데이터가 손실될 수 있습니다.
c:\users\rhkdr\onedrive\문서\visual studio 2015\projects\solarwar\solarwar\solarwar.cpp(1368): warning C4305: '+=': 'double'에서 'float'(으)로 잘립니다.
c:\users\rhkdr\onedrive\문서\visual studio 2015\projects\solarwar\solarwar\solarwar.cpp(1376): warning C4244: '+=': 'double'에서 'float'(으)로 변환하면서 데이터가 손실될 수 있습니다.
c:\users\rhkdr\onedrive\문서\visual studio 2015\projects\solarwar\solarwar\solarwar.cpp(1377): warning C4244: '-=': 'double'에서 'float'(으)로 변환하면서 데이터가 손실될 수 있습니다.
c:\users\rhkdr\onedrive\문서\visual studio 2015\projects\solarwar\solarwar\solarwar.cpp(1397): warning C4244: '=': 'LONG'에서 'float'(으)로 변환하면서 데이터가 손실될 수 있습니다.
c:\users\rhkdr\onedrive\문서\visual studio 2015\projects\solarwar\solarwar\solarwar.cpp(1398): warning C4244: '=': 'LONG'에서 'float'(으)로 변환하면서 데이터가 손실될 수 있습니다.
c:\users\rhkdr\onedrive\문서\visual studio 2015\projects\solarwar\solarwar\solarwar.cpp(1410): warning C4244: '=': 'LONG'에서 'float'(으)로 변환하면서 데이터가 손실될 수 있습니다.
c:\users\rhkdr\onedrive\문서\visual studio 2015\projects\solarwar\solarwar\solarwar.cpp(1411): warning C4244: '=': 'LONG'에서 'float'(으)로 변환하면서 데이터가 손실될 수 있습니다.
c:\users\rhkdr\onedrive\문서\visual studio 2015\projects\solarwar\solarwar\solarwar.cpp(1419): warning C4244: '=': 'LONG'에서 'float'(으)로 변환하면서 데이터가 손실될 수 있습니다.
c:\users\rhkdr\onedrive\문서\visual studio 2015\projects\solarwar\solarwar\solarwar.cpp(1420): warning C4244: '=': 'LONG'에서 'float'(으)로 변환하면서 데이터가 손실될 수 있습니다.
c:\users\rhkdr\onedrive\문서\visual studio 2015\projects\solarwar\solarwar\solarwar.cpp(1430): warning C4244: '=': 'LONG'에서 'float'(으)로 변환하면서 데이터가 손실될 수 있습니다.
c:\users\rhkdr\onedrive\문서\visual studio 2015\projects\solarwar\solarwar\solarwar.cpp(1431): warning C4244: '=': 'LONG'에서 'float'(으)로 변환하면서 데이터가 손실될 수 있습니다.
c:\users\rhkdr\onedrive\문서\visual studio 2015\projects\solarwar\solarwar\solarwar.cpp(1443): warning C4244: '=': 'LONG'에서 'float'(으)로 변환하면서 데이터가 손실될 수 있습니다.
c:\users\rhkdr\onedrive\문서\visual studio 2015\projects\solarwar\solarwar\solarwar.cpp(1444): warning C4244: '=': 'LONG'에서 'float'(으)로 변환하면서 데이터가 손실될 수 있습니다.
c:\users\rhkdr\onedrive\문서\visual studio 2015\projects\solarwar\solarwar\solarwar.cpp(1455): warning C4244: '=': 'LONG'에서 'float'(으)로 변환하면서 데이터가 손실될 수 있습니다.
c:\users\rhkdr\onedrive\문서\visual studio 2015\projects\solarwar\solarwar\solarwar.cpp(1456): warning C4244: '=': 'LONG'에서 'float'(으)로 변환하면서 데이터가 손실될 수 있습니다.
c:\users\rhkdr\onedrive\문서\visual studio 2015\projects\solarwar\solarwar\solarwar.cpp(1468): warning C4244: '=': 'LONG'에서 'float'(으)로 변환하면서 데이터가 손실될 수 있습니다.
c:\users\rhkdr\onedrive\문서\visual studio 2015\projects\solarwar\solarwar\solarwar.cpp(1469): warning C4244: '=': 'LONG'에서 'float'(으)로 변환하면서 데이터가 손실될 수 있습니다.
c:\users\rhkdr\onedrive\문서\visual studio 2015\projects\solarwar\solarwar\solarwar.cpp(1477): warning C4244: '=': 'LONG'에서 'float'(으)로 변환하면서 데이터가 손실될 수 있습니다.
c:\users\rhkdr\onedrive\문서\visual studio 2015\projects\solarwar\solarwar\solarwar.cpp(1478): warning C4244: '=': 'LONG'에서 'float'(으)로 변환하면서 데이터가 손실될 수 있습니다.
c:\users\rhkdr\onedrive\문서\visual studio 2015\projects\solarwar\solarwar\solarwar.cpp(1493): warning C4244: '=': 'LONG'에서 'float'(으)로 변환하면서 데이터가 손실될 수 있습니다.
c:\users\rhkdr\onedrive\문서\visual studio 2015\projects\solarwar\solarwar\solarwar.cpp(1494): warning C4244: '=': 'LONG'에서 'float'(으)로 변환하면서 데이터가 손실될 수 있습니다.
  SolarWar.vcxproj -> C:\Users\rhkdr\OneDrive\문서\visual studio 2015\Projects\SolarWar\Debug\SolarWar.exe
